<?xml version="1.0" encoding="UTF-8"?>
<!-- Generated by org.testng.reporters.JUnitReportReporter -->
<testsuite skipped="0" hostname="hp" name="firsttestngpackage.NewTest" tests="1" failures="0" timestamp="4 Nov 2016 13:20:34 GMT" time="5.070" errors="0">
  <testcase name="verifyHomePageTitle" time="5.070" classname="firsttestngpackage.NewTest"/>
</testsuite> <!-- firsttestngpackage.NewTest -->
